<?xml version="1.0" encoding="UTF-8"?>
<testng-results ignored="0" total="1" passed="1" failed="0" skipped="0">
  <reporter-output>
  </reporter-output>
  <suite started-at="2025-11-27T22:16:33 IST" name="Automation Suite" finished-at="2025-11-27T22:16:51 IST" duration-ms="18064">
    <groups>
    </groups>
    <test started-at="2025-11-27T22:16:33 IST" name="UI Tests - Chrome" finished-at="2025-11-27T22:16:51 IST" duration-ms="18064">
      <class name="ui.LoginTest">
        <test-method is-config="true" signature="beforeSuite()[pri:0, instance:ui.LoginTest@5ae76500]" started-at="2025-11-27T22:16:29 IST" name="beforeSuite" finished-at="2025-11-27T22:16:33 IST" duration-ms="3636" status="PASS">
          <reporter-output>
          </reporter-output>
        </test-method> <!-- beforeSuite -->
        <test-method is-config="true" signature="setupBeforeClass()[pri:0, instance:ui.LoginTest@5ae76500]" started-at="2025-11-27T22:16:33 IST" name="setupBeforeClass" finished-at="2025-11-27T22:16:33 IST" duration-ms="24" status="PASS">
          <reporter-output>
          </reporter-output>
        </test-method> <!-- setupBeforeClass -->
        <test-method is-config="true" signature="setUp(java.lang.String,java.lang.reflect.Method)[pri:0, instance:ui.LoginTest@5ae76500]" started-at="2025-11-27T22:16:33 IST" name="setUp" finished-at="2025-11-27T22:16:49 IST" duration-ms="15516" status="PASS">
          <params>
            <param index="0">
              <value>
                <![CDATA[chrome]]>
              </value>
            </param>
            <param index="1">
              <value>
                <![CDATA[public void ui.LoginTest.loginTest()]]>
              </value>
            </param>
          </params>
          <reporter-output>
          </reporter-output>
        </test-method> <!-- setUp -->
        <test-method signature="loginTest()[pri:0, instance:ui.LoginTest@5ae76500]" started-at="2025-11-27T22:16:49 IST" name="loginTest" finished-at="2025-11-27T22:16:49 IST" duration-ms="794" status="PASS">
          <reporter-output>
          </reporter-output>
        </test-method> <!-- loginTest -->
        <test-method is-config="true" signature="tearDown(org.testng.ITestResult)[pri:0, instance:ui.LoginTest@5ae76500]" started-at="2025-11-27T22:16:49 IST" name="tearDown" finished-at="2025-11-27T22:16:51 IST" duration-ms="1545" status="PASS">
          <params>
            <param index="0">
              <value>
                <![CDATA[[TestResult name=loginTest status=SUCCESS method=LoginTest.loginTest()[pri:0, instance:ui.LoginTest@5ae76500] output={null}]]]>
              </value>
            </param>
          </params>
          <reporter-output>
          </reporter-output>
        </test-method> <!-- tearDown -->
        <test-method is-config="true" signature="teardownAfterTestSuite()[pri:0, instance:ui.LoginTest@5ae76500]" started-at="2025-11-27T22:16:51 IST" name="teardownAfterTestSuite" finished-at="2025-11-27T22:16:51 IST" duration-ms="32" status="PASS">
          <reporter-output>
          </reporter-output>
        </test-method> <!-- teardownAfterTestSuite -->
      </class> <!-- ui.LoginTest -->
    </test> <!-- UI Tests - Chrome -->
  </suite> <!-- Automation Suite -->
</testng-results>
