<?xml version="1.0" encoding="UTF-8"?>
<testng-results ignored="0" total="1" passed="1" failed="0" skipped="0">
  <reporter-output>
  </reporter-output>
  <suite started-at="2025-12-10T12:45:00 IST" name="Automation Suite" finished-at="2025-12-10T12:45:06 IST" duration-ms="5499">
    <groups>
    </groups>
    <test started-at="2025-12-10T12:45:00 IST" name="UI Tests - Chrome" finished-at="2025-12-10T12:45:06 IST" duration-ms="5499">
      <class name="api.UserApiTest">
        <test-method is-config="true" signature="setup()[pri:0, instance:api.UserApiTest@6150c3ec]" started-at="2025-12-10T12:44:59 IST" name="setup" finished-at="2025-12-10T12:45:00 IST" duration-ms="1130" status="PASS">
          <reporter-output>
          </reporter-output>
        </test-method> <!-- setup -->
        <test-method is-config="true" signature="setupBeforeClass()[pri:0, instance:api.UserApiTest@6150c3ec]" started-at="2025-12-10T12:45:00 IST" name="setupBeforeClass" finished-at="2025-12-10T12:45:01 IST" duration-ms="524" status="PASS">
          <reporter-output>
          </reporter-output>
        </test-method> <!-- setupBeforeClass -->
        <test-method signature="createUserTest()[pri:0, instance:api.UserApiTest@6150c3ec]" started-at="2025-12-10T12:45:01 IST" name="createUserTest" finished-at="2025-12-10T12:45:06 IST" duration-ms="4911" status="PASS">
          <reporter-output>
          </reporter-output>
        </test-method> <!-- createUserTest -->
        <test-method is-config="true" signature="endSuite()[pri:0, instance:api.UserApiTest@6150c3ec]" started-at="2025-12-10T12:45:06 IST" name="endSuite" finished-at="2025-12-10T12:45:06 IST" duration-ms="332" status="PASS">
          <reporter-output>
          </reporter-output>
        </test-method> <!-- endSuite -->
      </class> <!-- api.UserApiTest -->
    </test> <!-- UI Tests - Chrome -->
  </suite> <!-- Automation Suite -->
</testng-results>
